<?xml version="1.0" encoding="UTF-8"?>
<!-- Generated by org.testng.reporters.JUnitReportReporter -->
<testsuite hostname="SFT34" failures="0" tests="4" name="api.tests.Pettests" time="9.104" errors="0" timestamp="08 Aug 2024 07:39:25 GMT" skipped="0">
  <testcase classname="api.tests.Pettests" name="testAddPet" time="4.357"/>
  <testcase classname="api.tests.Pettests" name="testGetPet" time="1.164"/>
  <testcase classname="api.tests.Pettests" name="testUpdatePet" time="2.392"/>
  <testcase classname="api.tests.Pettests" name="testDeletePet" time="1.191"/>
</testsuite> <!-- api.tests.Pettests -->
