<?xml version="1.0" encoding="UTF-8"?>
<!-- Generated by org.testng.reporters.JUnitReportReporter -->
<testsuite hostname="SFT34" failures="0" tests="4" name="api.tests.EmployeeTests" time="2.501" errors="0" timestamp="08 Aug 2024 10:13:20 GMT" skipped="0">
  <testcase classname="api.tests.EmployeeTests" name="testAddEmployee" time="2.306"/>
  <testcase classname="api.tests.EmployeeTests" name="testGetEmployee" time="0.049"/>
  <testcase classname="api.tests.EmployeeTests" name="testUpdateEmployee" time="0.107"/>
  <testcase classname="api.tests.EmployeeTests" name="testDeleteEmployee" time="0.039"/>
</testsuite> <!-- api.tests.EmployeeTests -->
