<?xml version="1.0" encoding="UTF-8"?>
<!-- Generated by org.testng.reporters.JUnitReportReporter -->
<testsuite hostname="SFT34" failures="0" tests="4" name="api.tests.EmployeeTests" time="2.600" errors="0" timestamp="2024-08-08T15:50:45 IST" skipped="0">
  <testcase classname="api.tests.EmployeeTests" name="testAddEmployee" time="2.475"/>
  <testcase classname="api.tests.EmployeeTests" name="testGetEmployee" time="0.049"/>
  <testcase classname="api.tests.EmployeeTests" name="testUpdateEmployee" time="0.059"/>
  <testcase classname="api.tests.EmployeeTests" name="testDeleteEmployee" time="0.017"/>
</testsuite> <!-- api.tests.EmployeeTests -->
